2022-10-18 16:58:55 DEBUG Config - Config.get(helper, instrument) = true
2022-10-18 16:58:55 DEBUG Config - Config.get(helper, seed) = 0
2022-10-18 16:58:55 DEBUG Config - Config.get(instrumenting, copies) = true
2022-10-18 16:58:55 DEBUG Config - Config.get(instrumenting, swaps) = true
2022-10-18 16:58:55 DEBUG Config - Config.get(instrumenting, compares) = true
2022-10-18 16:58:55 DEBUG Config - Config.get(instrumenting, inversions) = 1
2022-10-18 16:58:55 DEBUG Config - Config.get(instrumenting, fixes) = true
2022-10-18 16:58:55 DEBUG Config - Config.get(instrumenting, hits) = true
2022-10-18 16:58:55 DEBUG Config - Config.get(helper, cutoff) = 
2022-10-18 17:06:33 INFO  Benchmark_Timer - Begin run: Random Sort with 10 runs
2022-10-18 17:06:33 INFO  Benchmark_Timer - Begin run: Ordered Sort with 10 runs
2022-10-18 17:06:33 INFO  Benchmark_Timer - Begin run: Reverse Sort with 10 runs
2022-10-18 17:06:33 INFO  Benchmark_Timer - Begin run: Partial Sort with 10 runs
2022-10-18 17:06:33 INFO  Benchmark_Timer - Begin run: Random Sort with 10 runs
2022-10-18 17:06:33 INFO  Benchmark_Timer - Begin run: Ordered Sort with 10 runs
2022-10-18 17:06:33 INFO  Benchmark_Timer - Begin run: Reverse Sort with 10 runs
2022-10-18 17:06:33 INFO  Benchmark_Timer - Begin run: Partial Sort with 10 runs
2022-10-18 17:06:33 INFO  Benchmark_Timer - Begin run: Random Sort with 10 runs
2022-10-18 17:06:33 INFO  Benchmark_Timer - Begin run: Ordered Sort with 10 runs
2022-10-18 17:06:33 INFO  Benchmark_Timer - Begin run: Reverse Sort with 10 runs
2022-10-18 17:06:33 INFO  Benchmark_Timer - Begin run: Partial Sort with 10 runs
2022-10-18 17:06:33 INFO  Benchmark_Timer - Begin run: Random Sort with 10 runs
2022-10-18 17:06:33 INFO  Benchmark_Timer - Begin run: Ordered Sort with 10 runs
2022-10-18 17:06:33 INFO  Benchmark_Timer - Begin run: Reverse Sort with 10 runs
2022-10-18 17:06:33 INFO  Benchmark_Timer - Begin run: Partial Sort with 10 runs
2022-10-18 17:06:33 INFO  Benchmark_Timer - Begin run: Random Sort with 10 runs
2022-10-18 17:06:33 INFO  Benchmark_Timer - Begin run: Ordered Sort with 10 runs
2022-10-18 17:06:33 INFO  Benchmark_Timer - Begin run: Reverse Sort with 10 runs
2022-10-18 17:06:33 INFO  Benchmark_Timer - Begin run: Partial Sort with 10 runs
2022-10-18 17:06:33 INFO  Benchmark_Timer - Begin run: Random Sort with 10 runs
2022-10-18 17:06:33 INFO  Benchmark_Timer - Begin run: Ordered Sort with 10 runs
2022-10-18 17:06:33 INFO  Benchmark_Timer - Begin run: Reverse Sort with 10 runs
2022-10-18 17:06:33 INFO  Benchmark_Timer - Begin run: Partial Sort with 10 runs
2022-10-18 17:06:33 INFO  Benchmark_Timer - Begin run: Random Sort with 10 runs
2022-10-18 17:06:33 INFO  Benchmark_Timer - Begin run: Ordered Sort with 10 runs
2022-10-18 17:06:33 INFO  Benchmark_Timer - Begin run: Reverse Sort with 10 runs
2022-10-18 17:06:33 INFO  Benchmark_Timer - Begin run: Partial Sort with 10 runs
2022-10-18 17:06:33 INFO  Benchmark_Timer - Begin run: Random Sort with 10 runs
2022-10-18 17:06:33 INFO  Benchmark_Timer - Begin run: Ordered Sort with 10 runs
2022-10-18 17:06:33 INFO  Benchmark_Timer - Begin run: Reverse Sort with 10 runs
2022-10-18 17:06:33 INFO  Benchmark_Timer - Begin run: Partial Sort with 10 runs
2022-10-18 17:06:33 INFO  Benchmark_Timer - Begin run: Random Sort with 10 runs
2022-10-18 17:06:33 INFO  Benchmark_Timer - Begin run: Ordered Sort with 10 runs
2022-10-18 17:06:33 INFO  Benchmark_Timer - Begin run: Reverse Sort with 10 runs
2022-10-18 17:06:33 INFO  Benchmark_Timer - Begin run: Partial Sort with 10 runs
2022-10-18 18:52:17 INFO  Benchmark_Timer - Begin run: Random Sort with 10 runs
2022-10-18 18:52:17 INFO  Benchmark_Timer - Begin run: Ordered Sort with 10 runs
2022-10-18 18:52:17 INFO  Benchmark_Timer - Begin run: Reverse Sort with 10 runs
2022-10-18 18:52:17 INFO  Benchmark_Timer - Begin run: Partial Sort with 10 runs
2022-10-18 18:52:17 INFO  Benchmark_Timer - Begin run: Random Sort with 10 runs
2022-10-18 18:52:17 INFO  Benchmark_Timer - Begin run: Ordered Sort with 10 runs
2022-10-18 18:52:17 INFO  Benchmark_Timer - Begin run: Reverse Sort with 10 runs
2022-10-18 18:52:17 INFO  Benchmark_Timer - Begin run: Partial Sort with 10 runs
2022-10-18 18:52:17 INFO  Benchmark_Timer - Begin run: Random Sort with 10 runs
2022-10-18 18:52:17 INFO  Benchmark_Timer - Begin run: Ordered Sort with 10 runs
2022-10-18 18:52:17 INFO  Benchmark_Timer - Begin run: Reverse Sort with 10 runs
2022-10-18 18:52:17 INFO  Benchmark_Timer - Begin run: Partial Sort with 10 runs
2022-10-18 18:52:17 INFO  Benchmark_Timer - Begin run: Random Sort with 10 runs
2022-10-18 18:52:17 INFO  Benchmark_Timer - Begin run: Ordered Sort with 10 runs
2022-10-18 18:52:17 INFO  Benchmark_Timer - Begin run: Reverse Sort with 10 runs
2022-10-18 18:52:17 INFO  Benchmark_Timer - Begin run: Partial Sort with 10 runs
2022-10-18 18:52:17 INFO  Benchmark_Timer - Begin run: Random Sort with 10 runs
2022-10-18 18:52:17 INFO  Benchmark_Timer - Begin run: Ordered Sort with 10 runs
2022-10-18 18:52:17 INFO  Benchmark_Timer - Begin run: Reverse Sort with 10 runs
2022-10-18 18:52:17 INFO  Benchmark_Timer - Begin run: Partial Sort with 10 runs
2022-10-18 18:52:17 INFO  Benchmark_Timer - Begin run: Random Sort with 10 runs
2022-10-18 18:52:17 INFO  Benchmark_Timer - Begin run: Ordered Sort with 10 runs
2022-10-18 18:52:17 INFO  Benchmark_Timer - Begin run: Reverse Sort with 10 runs
2022-10-18 18:52:17 INFO  Benchmark_Timer - Begin run: Partial Sort with 10 runs
2022-10-18 18:52:17 INFO  Benchmark_Timer - Begin run: Random Sort with 10 runs
2022-10-18 18:52:17 INFO  Benchmark_Timer - Begin run: Ordered Sort with 10 runs
2022-10-18 18:52:17 INFO  Benchmark_Timer - Begin run: Reverse Sort with 10 runs
2022-10-18 18:52:17 INFO  Benchmark_Timer - Begin run: Partial Sort with 10 runs
2022-10-18 18:52:17 INFO  Benchmark_Timer - Begin run: Random Sort with 10 runs
2022-10-18 18:52:17 INFO  Benchmark_Timer - Begin run: Ordered Sort with 10 runs
2022-10-18 18:52:17 INFO  Benchmark_Timer - Begin run: Reverse Sort with 10 runs
2022-10-18 18:52:17 INFO  Benchmark_Timer - Begin run: Partial Sort with 10 runs
2022-10-18 18:55:01 INFO  Benchmark_Timer - Begin run: Random Sort with 100 runs
2022-10-18 18:55:01 INFO  Benchmark_Timer - Begin run: Ordered Sort with 100 runs
2022-10-18 18:55:01 INFO  Benchmark_Timer - Begin run: Reverse Sort with 100 runs
2022-10-18 18:55:01 INFO  Benchmark_Timer - Begin run: Partial Sort with 100 runs
2022-10-18 18:55:01 INFO  Benchmark_Timer - Begin run: Random Sort with 100 runs
2022-10-18 18:55:01 INFO  Benchmark_Timer - Begin run: Ordered Sort with 100 runs
2022-10-18 18:55:01 INFO  Benchmark_Timer - Begin run: Reverse Sort with 100 runs
2022-10-18 18:55:01 INFO  Benchmark_Timer - Begin run: Partial Sort with 100 runs
2022-10-18 18:55:01 INFO  Benchmark_Timer - Begin run: Random Sort with 100 runs
2022-10-18 18:55:01 INFO  Benchmark_Timer - Begin run: Ordered Sort with 100 runs
2022-10-18 18:55:01 INFO  Benchmark_Timer - Begin run: Reverse Sort with 100 runs
2022-10-18 18:55:01 INFO  Benchmark_Timer - Begin run: Partial Sort with 100 runs
2022-10-18 18:55:01 INFO  Benchmark_Timer - Begin run: Random Sort with 100 runs
2022-10-18 18:55:01 INFO  Benchmark_Timer - Begin run: Ordered Sort with 100 runs
2022-10-18 18:55:01 INFO  Benchmark_Timer - Begin run: Reverse Sort with 100 runs
2022-10-18 18:55:01 INFO  Benchmark_Timer - Begin run: Partial Sort with 100 runs
2022-10-18 18:55:01 INFO  Benchmark_Timer - Begin run: Random Sort with 100 runs
2022-10-18 18:55:01 INFO  Benchmark_Timer - Begin run: Ordered Sort with 100 runs
2022-10-18 18:55:01 INFO  Benchmark_Timer - Begin run: Reverse Sort with 100 runs
2022-10-18 18:55:01 INFO  Benchmark_Timer - Begin run: Partial Sort with 100 runs
2022-10-18 18:55:02 INFO  Benchmark_Timer - Begin run: Random Sort with 100 runs
2022-10-18 18:55:02 INFO  Benchmark_Timer - Begin run: Ordered Sort with 100 runs
2022-10-18 18:55:02 INFO  Benchmark_Timer - Begin run: Reverse Sort with 100 runs
2022-10-18 18:55:02 INFO  Benchmark_Timer - Begin run: Partial Sort with 100 runs
2022-10-18 18:55:02 INFO  Benchmark_Timer - Begin run: Random Sort with 100 runs
2022-10-18 18:55:02 INFO  Benchmark_Timer - Begin run: Ordered Sort with 100 runs
2022-10-18 18:55:02 INFO  Benchmark_Timer - Begin run: Reverse Sort with 100 runs
2022-10-18 18:55:02 INFO  Benchmark_Timer - Begin run: Partial Sort with 100 runs
2022-10-18 18:55:02 INFO  Benchmark_Timer - Begin run: Random Sort with 100 runs
2022-10-18 18:55:02 INFO  Benchmark_Timer - Begin run: Ordered Sort with 100 runs
2022-10-18 18:55:02 INFO  Benchmark_Timer - Begin run: Reverse Sort with 100 runs
2022-10-18 18:55:02 INFO  Benchmark_Timer - Begin run: Partial Sort with 100 runs
2022-10-18 18:55:33 INFO  Benchmark_Timer - Begin run: Random Sort with 100 runs
2022-10-18 18:55:33 INFO  Benchmark_Timer - Begin run: Ordered Sort with 100 runs
2022-10-18 18:55:33 INFO  Benchmark_Timer - Begin run: Reverse Sort with 100 runs
2022-10-18 18:55:33 INFO  Benchmark_Timer - Begin run: Partial Sort with 100 runs
2022-10-18 18:55:33 INFO  Benchmark_Timer - Begin run: Random Sort with 100 runs
2022-10-18 18:55:33 INFO  Benchmark_Timer - Begin run: Ordered Sort with 100 runs
2022-10-18 18:55:33 INFO  Benchmark_Timer - Begin run: Reverse Sort with 100 runs
2022-10-18 18:55:33 INFO  Benchmark_Timer - Begin run: Partial Sort with 100 runs
2022-10-18 18:55:33 INFO  Benchmark_Timer - Begin run: Random Sort with 100 runs
2022-10-18 18:55:33 INFO  Benchmark_Timer - Begin run: Ordered Sort with 100 runs
2022-10-18 18:55:33 INFO  Benchmark_Timer - Begin run: Reverse Sort with 100 runs
2022-10-18 18:55:33 INFO  Benchmark_Timer - Begin run: Partial Sort with 100 runs
2022-10-18 18:55:33 INFO  Benchmark_Timer - Begin run: Random Sort with 100 runs
2022-10-18 18:55:33 INFO  Benchmark_Timer - Begin run: Ordered Sort with 100 runs
2022-10-18 18:55:33 INFO  Benchmark_Timer - Begin run: Reverse Sort with 100 runs
2022-10-18 18:55:33 INFO  Benchmark_Timer - Begin run: Partial Sort with 100 runs
2022-10-18 18:55:33 INFO  Benchmark_Timer - Begin run: Random Sort with 100 runs
2022-10-18 18:55:33 INFO  Benchmark_Timer - Begin run: Ordered Sort with 100 runs
2022-10-18 18:55:33 INFO  Benchmark_Timer - Begin run: Reverse Sort with 100 runs
2022-10-18 18:55:33 INFO  Benchmark_Timer - Begin run: Partial Sort with 100 runs
2022-10-18 18:55:33 INFO  Benchmark_Timer - Begin run: Random Sort with 100 runs
2022-10-18 18:55:33 INFO  Benchmark_Timer - Begin run: Ordered Sort with 100 runs
2022-10-18 18:55:33 INFO  Benchmark_Timer - Begin run: Reverse Sort with 100 runs
2022-10-18 18:55:33 INFO  Benchmark_Timer - Begin run: Partial Sort with 100 runs
2022-10-18 18:55:34 INFO  Benchmark_Timer - Begin run: Random Sort with 100 runs
2022-10-18 18:55:34 INFO  Benchmark_Timer - Begin run: Ordered Sort with 100 runs
2022-10-18 18:55:34 INFO  Benchmark_Timer - Begin run: Reverse Sort with 100 runs
2022-10-18 18:55:34 INFO  Benchmark_Timer - Begin run: Partial Sort with 100 runs
2022-10-18 18:55:35 INFO  Benchmark_Timer - Begin run: Random Sort with 100 runs
2022-10-18 18:55:35 INFO  Benchmark_Timer - Begin run: Ordered Sort with 100 runs
2022-10-18 18:55:35 INFO  Benchmark_Timer - Begin run: Reverse Sort with 100 runs
2022-10-18 18:55:35 INFO  Benchmark_Timer - Begin run: Partial Sort with 100 runs
2022-10-18 19:09:31 INFO  Benchmark_Timer - Begin run: Random Sort with 1,000 runs
2022-10-18 19:09:31 INFO  Benchmark_Timer - Begin run: Ordered Sort with 1,000 runs
2022-10-18 19:09:31 INFO  Benchmark_Timer - Begin run: Reverse Sort with 1,000 runs
2022-10-18 19:09:31 INFO  Benchmark_Timer - Begin run: Partial Sort with 1,000 runs
2022-10-18 19:09:31 INFO  Benchmark_Timer - Begin run: Random Sort with 1,000 runs
2022-10-18 19:09:31 INFO  Benchmark_Timer - Begin run: Ordered Sort with 1,000 runs
2022-10-18 19:09:31 INFO  Benchmark_Timer - Begin run: Reverse Sort with 1,000 runs
2022-10-18 19:09:31 INFO  Benchmark_Timer - Begin run: Partial Sort with 1,000 runs
2022-10-18 19:09:31 INFO  Benchmark_Timer - Begin run: Random Sort with 1,000 runs
2022-10-18 19:09:31 INFO  Benchmark_Timer - Begin run: Ordered Sort with 1,000 runs
2022-10-18 19:09:31 INFO  Benchmark_Timer - Begin run: Reverse Sort with 1,000 runs
2022-10-18 19:09:31 INFO  Benchmark_Timer - Begin run: Partial Sort with 1,000 runs
2022-10-18 19:09:31 INFO  Benchmark_Timer - Begin run: Random Sort with 1,000 runs
2022-10-18 19:09:31 INFO  Benchmark_Timer - Begin run: Ordered Sort with 1,000 runs
2022-10-18 19:09:31 INFO  Benchmark_Timer - Begin run: Reverse Sort with 1,000 runs
2022-10-18 19:09:31 INFO  Benchmark_Timer - Begin run: Partial Sort with 1,000 runs
2022-10-18 19:09:31 INFO  Benchmark_Timer - Begin run: Random Sort with 1,000 runs
2022-10-18 19:09:31 INFO  Benchmark_Timer - Begin run: Ordered Sort with 1,000 runs
2022-10-18 19:09:31 INFO  Benchmark_Timer - Begin run: Reverse Sort with 1,000 runs
2022-10-18 19:09:31 INFO  Benchmark_Timer - Begin run: Partial Sort with 1,000 runs
2022-10-18 19:09:32 INFO  Benchmark_Timer - Begin run: Random Sort with 1,000 runs
2022-10-18 19:09:32 INFO  Benchmark_Timer - Begin run: Ordered Sort with 1,000 runs
2022-10-18 19:09:32 INFO  Benchmark_Timer - Begin run: Reverse Sort with 1,000 runs
2022-10-18 19:09:32 INFO  Benchmark_Timer - Begin run: Partial Sort with 1,000 runs
2022-10-18 19:09:33 INFO  Benchmark_Timer - Begin run: Random Sort with 1,000 runs
2022-10-18 19:09:33 INFO  Benchmark_Timer - Begin run: Ordered Sort with 1,000 runs
2022-10-18 19:09:33 INFO  Benchmark_Timer - Begin run: Reverse Sort with 1,000 runs
2022-10-18 19:09:33 INFO  Benchmark_Timer - Begin run: Partial Sort with 1,000 runs
2022-10-18 19:09:34 INFO  Benchmark_Timer - Begin run: Random Sort with 1,000 runs
2022-10-18 19:09:34 INFO  Benchmark_Timer - Begin run: Ordered Sort with 1,000 runs
2022-10-18 19:09:34 INFO  Benchmark_Timer - Begin run: Reverse Sort with 1,000 runs
2022-10-18 19:09:34 INFO  Benchmark_Timer - Begin run: Partial Sort with 1,000 runs
2022-10-18 19:09:54 INFO  Benchmark_Timer - Begin run: Random Sort with 1,000,000,000 runs
2022-10-18 19:09:54 INFO  Benchmark_Timer - Begin run: Ordered Sort with 1,000,000,000 runs
2022-10-18 19:09:54 INFO  Benchmark_Timer - Begin run: Reverse Sort with 1,000,000,000 runs
2022-10-18 19:09:54 INFO  Benchmark_Timer - Begin run: Partial Sort with 1,000,000,000 runs
2022-10-18 19:09:54 INFO  Benchmark_Timer - Begin run: Random Sort with 1,000,000,000 runs
2022-10-18 19:09:54 INFO  Benchmark_Timer - Begin run: Ordered Sort with 1,000,000,000 runs
2022-10-18 19:09:55 INFO  Benchmark_Timer - Begin run: Reverse Sort with 1,000,000,000 runs
2022-10-18 19:09:55 INFO  Benchmark_Timer - Begin run: Partial Sort with 1,000,000,000 runs
2022-10-18 19:09:55 INFO  Benchmark_Timer - Begin run: Random Sort with 1,000,000,000 runs
2022-10-18 19:09:55 INFO  Benchmark_Timer - Begin run: Ordered Sort with 1,000,000,000 runs
2022-10-18 19:09:55 INFO  Benchmark_Timer - Begin run: Reverse Sort with 1,000,000,000 runs
2022-10-18 19:09:55 INFO  Benchmark_Timer - Begin run: Partial Sort with 1,000,000,000 runs
2022-10-18 19:09:55 INFO  Benchmark_Timer - Begin run: Random Sort with 1,000,000,000 runs
2022-10-18 19:09:55 INFO  Benchmark_Timer - Begin run: Ordered Sort with 1,000,000,000 runs
2022-10-18 19:09:55 INFO  Benchmark_Timer - Begin run: Reverse Sort with 1,000,000,000 runs
2022-10-18 19:09:55 INFO  Benchmark_Timer - Begin run: Partial Sort with 1,000,000,000 runs
2022-10-18 19:09:56 INFO  Benchmark_Timer - Begin run: Random Sort with 1,000,000,000 runs
2022-10-18 19:09:56 INFO  Benchmark_Timer - Begin run: Ordered Sort with 1,000,000,000 runs
2022-10-18 19:09:56 INFO  Benchmark_Timer - Begin run: Reverse Sort with 1,000,000,000 runs
2022-10-18 19:09:56 INFO  Benchmark_Timer - Begin run: Partial Sort with 1,000,000,000 runs
2022-10-18 19:10:07 INFO  Benchmark_Timer - Begin run: Random Sort with 1,000,000,000 runs
2022-10-18 19:10:07 INFO  Benchmark_Timer - Begin run: Ordered Sort with 1,000,000,000 runs
2022-10-18 19:10:07 INFO  Benchmark_Timer - Begin run: Reverse Sort with 1,000,000,000 runs
2022-10-18 19:10:07 INFO  Benchmark_Timer - Begin run: Partial Sort with 1,000,000,000 runs
2022-10-18 19:10:07 INFO  Benchmark_Timer - Begin run: Random Sort with 1,000,000,000 runs
2022-10-18 19:10:07 INFO  Benchmark_Timer - Begin run: Ordered Sort with 1,000,000,000 runs
2022-10-18 19:10:07 INFO  Benchmark_Timer - Begin run: Reverse Sort with 1,000,000,000 runs
2022-10-18 19:10:07 INFO  Benchmark_Timer - Begin run: Partial Sort with 1,000,000,000 runs
2022-10-18 19:10:07 INFO  Benchmark_Timer - Begin run: Random Sort with 1,000,000,000 runs
2022-10-18 19:10:07 INFO  Benchmark_Timer - Begin run: Ordered Sort with 1,000,000,000 runs
2022-10-18 19:10:07 INFO  Benchmark_Timer - Begin run: Reverse Sort with 1,000,000,000 runs
2022-10-18 19:10:07 INFO  Benchmark_Timer - Begin run: Partial Sort with 1,000,000,000 runs
2022-10-18 19:10:08 INFO  Benchmark_Timer - Begin run: Random Sort with 1,000,000,000 runs
2022-10-18 19:10:08 INFO  Benchmark_Timer - Begin run: Ordered Sort with 1,000,000,000 runs
2022-10-18 19:10:08 INFO  Benchmark_Timer - Begin run: Reverse Sort with 1,000,000,000 runs
2022-10-18 19:10:08 INFO  Benchmark_Timer - Begin run: Partial Sort with 1,000,000,000 runs
2022-10-18 19:10:08 INFO  Benchmark_Timer - Begin run: Random Sort with 1,000,000,000 runs
2022-10-18 19:10:08 INFO  Benchmark_Timer - Begin run: Ordered Sort with 1,000,000,000 runs
2022-10-18 19:10:09 INFO  Benchmark_Timer - Begin run: Reverse Sort with 1,000,000,000 runs
2022-10-18 19:10:09 INFO  Benchmark_Timer - Begin run: Partial Sort with 1,000,000,000 runs
2022-10-18 19:10:09 INFO  Benchmark_Timer - Begin run: Random Sort with 1,000,000,000 runs
2022-10-18 19:10:09 INFO  Benchmark_Timer - Begin run: Ordered Sort with 1,000,000,000 runs
2022-10-18 19:10:09 INFO  Benchmark_Timer - Begin run: Reverse Sort with 1,000,000,000 runs
2022-10-18 19:10:09 INFO  Benchmark_Timer - Begin run: Partial Sort with 1,000,000,000 runs
2022-10-18 19:10:10 INFO  Benchmark_Timer - Begin run: Random Sort with 1,000,000,000 runs
2022-10-18 19:10:10 INFO  Benchmark_Timer - Begin run: Ordered Sort with 1,000,000,000 runs
2022-10-18 19:10:10 INFO  Benchmark_Timer - Begin run: Reverse Sort with 1,000,000,000 runs
2022-10-18 19:10:10 INFO  Benchmark_Timer - Begin run: Partial Sort with 1,000,000,000 runs
2022-10-18 19:10:12 INFO  Benchmark_Timer - Begin run: Random Sort with 1,000,000,000 runs
2022-10-18 19:10:12 INFO  Benchmark_Timer - Begin run: Ordered Sort with 1,000,000,000 runs
2022-10-18 19:10:12 INFO  Benchmark_Timer - Begin run: Reverse Sort with 1,000,000,000 runs
2022-10-18 19:10:12 INFO  Benchmark_Timer - Begin run: Partial Sort with 1,000,000,000 runs
2022-10-18 19:10:24 INFO  Benchmark_Timer - Begin run: Random Sort with 100,000 runs
2022-10-18 19:10:24 INFO  Benchmark_Timer - Begin run: Ordered Sort with 100,000 runs
2022-10-18 19:10:24 INFO  Benchmark_Timer - Begin run: Reverse Sort with 100,000 runs
2022-10-18 19:10:24 INFO  Benchmark_Timer - Begin run: Partial Sort with 100,000 runs
2022-10-18 19:10:25 INFO  Benchmark_Timer - Begin run: Random Sort with 100,000 runs
2022-10-18 19:10:25 INFO  Benchmark_Timer - Begin run: Ordered Sort with 100,000 runs
2022-10-18 19:10:25 INFO  Benchmark_Timer - Begin run: Reverse Sort with 100,000 runs
2022-10-18 19:10:25 INFO  Benchmark_Timer - Begin run: Partial Sort with 100,000 runs
2022-10-18 19:10:25 INFO  Benchmark_Timer - Begin run: Random Sort with 100,000 runs
2022-10-18 19:10:25 INFO  Benchmark_Timer - Begin run: Ordered Sort with 100,000 runs
2022-10-18 19:10:25 INFO  Benchmark_Timer - Begin run: Reverse Sort with 100,000 runs
2022-10-18 19:10:25 INFO  Benchmark_Timer - Begin run: Partial Sort with 100,000 runs
2022-10-18 19:10:25 INFO  Benchmark_Timer - Begin run: Random Sort with 100,000 runs
2022-10-18 19:10:25 INFO  Benchmark_Timer - Begin run: Ordered Sort with 100,000 runs
2022-10-18 19:10:25 INFO  Benchmark_Timer - Begin run: Reverse Sort with 100,000 runs
2022-10-18 19:10:25 INFO  Benchmark_Timer - Begin run: Partial Sort with 100,000 runs
2022-10-18 19:10:25 INFO  Benchmark_Timer - Begin run: Random Sort with 100,000 runs
2022-10-18 19:10:25 INFO  Benchmark_Timer - Begin run: Ordered Sort with 100,000 runs
2022-10-18 19:10:25 INFO  Benchmark_Timer - Begin run: Reverse Sort with 100,000 runs
2022-10-18 19:10:25 INFO  Benchmark_Timer - Begin run: Partial Sort with 100,000 runs
2022-10-18 19:10:25 INFO  Benchmark_Timer - Begin run: Random Sort with 100,000 runs
2022-10-18 19:10:25 INFO  Benchmark_Timer - Begin run: Ordered Sort with 100,000 runs
2022-10-18 19:10:25 INFO  Benchmark_Timer - Begin run: Reverse Sort with 100,000 runs
2022-10-18 19:10:25 INFO  Benchmark_Timer - Begin run: Partial Sort with 100,000 runs
2022-10-18 19:10:26 INFO  Benchmark_Timer - Begin run: Random Sort with 100,000 runs
2022-10-18 19:10:26 INFO  Benchmark_Timer - Begin run: Ordered Sort with 100,000 runs
2022-10-18 19:10:26 INFO  Benchmark_Timer - Begin run: Reverse Sort with 100,000 runs
2022-10-18 19:10:26 INFO  Benchmark_Timer - Begin run: Partial Sort with 100,000 runs
2022-10-18 19:10:27 INFO  Benchmark_Timer - Begin run: Random Sort with 100,000 runs
2022-10-18 19:10:27 INFO  Benchmark_Timer - Begin run: Ordered Sort with 100,000 runs
2022-10-18 19:10:27 INFO  Benchmark_Timer - Begin run: Reverse Sort with 100,000 runs
2022-10-18 19:10:27 INFO  Benchmark_Timer - Begin run: Partial Sort with 100,000 runs
2022-10-18 19:10:36 INFO  Benchmark_Timer - Begin run: Random Sort with 10,000,000 runs
2022-10-18 19:10:36 INFO  Benchmark_Timer - Begin run: Ordered Sort with 10,000,000 runs
2022-10-18 19:10:36 INFO  Benchmark_Timer - Begin run: Reverse Sort with 10,000,000 runs
2022-10-18 19:10:36 INFO  Benchmark_Timer - Begin run: Partial Sort with 10,000,000 runs
2022-10-18 19:10:36 INFO  Benchmark_Timer - Begin run: Random Sort with 10,000,000 runs
2022-10-18 19:10:36 INFO  Benchmark_Timer - Begin run: Ordered Sort with 10,000,000 runs
2022-10-18 19:10:36 INFO  Benchmark_Timer - Begin run: Reverse Sort with 10,000,000 runs
2022-10-18 19:10:36 INFO  Benchmark_Timer - Begin run: Partial Sort with 10,000,000 runs
2022-10-18 19:10:36 INFO  Benchmark_Timer - Begin run: Random Sort with 10,000,000 runs
2022-10-18 19:10:36 INFO  Benchmark_Timer - Begin run: Ordered Sort with 10,000,000 runs
2022-10-18 19:10:36 INFO  Benchmark_Timer - Begin run: Reverse Sort with 10,000,000 runs
2022-10-18 19:10:36 INFO  Benchmark_Timer - Begin run: Partial Sort with 10,000,000 runs
2022-10-18 19:10:36 INFO  Benchmark_Timer - Begin run: Random Sort with 10,000,000 runs
2022-10-18 19:10:36 INFO  Benchmark_Timer - Begin run: Ordered Sort with 10,000,000 runs
2022-10-18 19:10:36 INFO  Benchmark_Timer - Begin run: Reverse Sort with 10,000,000 runs
2022-10-18 19:10:36 INFO  Benchmark_Timer - Begin run: Partial Sort with 10,000,000 runs
2022-10-18 19:10:36 INFO  Benchmark_Timer - Begin run: Random Sort with 10,000,000 runs
2022-10-18 19:10:36 INFO  Benchmark_Timer - Begin run: Ordered Sort with 10,000,000 runs
2022-10-18 19:10:36 INFO  Benchmark_Timer - Begin run: Reverse Sort with 10,000,000 runs
2022-10-18 19:10:36 INFO  Benchmark_Timer - Begin run: Partial Sort with 10,000,000 runs
2022-10-18 19:10:37 INFO  Benchmark_Timer - Begin run: Random Sort with 10,000,000 runs
2022-10-18 19:10:37 INFO  Benchmark_Timer - Begin run: Ordered Sort with 10,000,000 runs
2022-10-18 19:10:37 INFO  Benchmark_Timer - Begin run: Reverse Sort with 10,000,000 runs
2022-10-18 19:10:37 INFO  Benchmark_Timer - Begin run: Partial Sort with 10,000,000 runs
2022-10-18 19:10:37 INFO  Benchmark_Timer - Begin run: Random Sort with 10,000,000 runs
2022-10-18 19:10:37 INFO  Benchmark_Timer - Begin run: Ordered Sort with 10,000,000 runs
2022-10-18 19:10:37 INFO  Benchmark_Timer - Begin run: Reverse Sort with 10,000,000 runs
2022-10-18 19:10:37 INFO  Benchmark_Timer - Begin run: Partial Sort with 10,000,000 runs
2022-10-18 19:10:39 INFO  Benchmark_Timer - Begin run: Random Sort with 10,000,000 runs
2022-10-18 19:10:39 INFO  Benchmark_Timer - Begin run: Ordered Sort with 10,000,000 runs
2022-10-18 19:10:39 INFO  Benchmark_Timer - Begin run: Reverse Sort with 10,000,000 runs
2022-10-18 19:10:39 INFO  Benchmark_Timer - Begin run: Partial Sort with 10,000,000 runs
2022-10-18 19:13:23 INFO  Benchmark_Timer - Begin run: Random Sort with 100 runs
2022-10-18 19:13:23 INFO  Benchmark_Timer - Begin run: Ordered Sort with 100 runs
2022-10-18 19:13:23 INFO  Benchmark_Timer - Begin run: Reverse Sort with 100 runs
2022-10-18 19:13:23 INFO  Benchmark_Timer - Begin run: Partial Sort with 100 runs
2022-10-18 19:13:25 INFO  Benchmark_Timer - Begin run: Random Sort with 100 runs
2022-10-18 19:13:25 INFO  Benchmark_Timer - Begin run: Ordered Sort with 100 runs
2022-10-18 19:13:25 INFO  Benchmark_Timer - Begin run: Reverse Sort with 100 runs
2022-10-18 19:13:25 INFO  Benchmark_Timer - Begin run: Partial Sort with 100 runs
2022-10-18 19:13:28 INFO  Benchmark_Timer - Begin run: Random Sort with 100 runs
2022-10-18 19:13:28 INFO  Benchmark_Timer - Begin run: Ordered Sort with 100 runs
2022-10-18 19:13:28 INFO  Benchmark_Timer - Begin run: Reverse Sort with 100 runs
2022-10-18 19:13:28 INFO  Benchmark_Timer - Begin run: Partial Sort with 100 runs
2022-10-18 19:13:48 INFO  Benchmark_Timer - Begin run: Random Sort with 100 runs
2022-10-18 19:13:48 INFO  Benchmark_Timer - Begin run: Ordered Sort with 100 runs
2022-10-18 19:13:48 INFO  Benchmark_Timer - Begin run: Reverse Sort with 100 runs
2022-10-18 19:13:48 INFO  Benchmark_Timer - Begin run: Partial Sort with 100 runs
2022-10-18 19:15:17 INFO  Benchmark_Timer - Begin run: Random Sort with 100 runs
2022-10-18 19:15:17 INFO  Benchmark_Timer - Begin run: Ordered Sort with 100 runs
2022-10-18 19:15:17 INFO  Benchmark_Timer - Begin run: Reverse Sort with 100 runs
2022-10-18 19:15:17 INFO  Benchmark_Timer - Begin run: Partial Sort with 100 runs
2022-10-18 19:15:17 INFO  Benchmark_Timer - Begin run: Random Sort with 100 runs
2022-10-18 19:15:17 INFO  Benchmark_Timer - Begin run: Ordered Sort with 100 runs
2022-10-18 19:15:17 INFO  Benchmark_Timer - Begin run: Reverse Sort with 100 runs
2022-10-18 19:15:17 INFO  Benchmark_Timer - Begin run: Partial Sort with 100 runs
2022-10-18 19:15:17 INFO  Benchmark_Timer - Begin run: Random Sort with 100 runs
2022-10-18 19:15:17 INFO  Benchmark_Timer - Begin run: Ordered Sort with 100 runs
2022-10-18 19:15:17 INFO  Benchmark_Timer - Begin run: Reverse Sort with 100 runs
2022-10-18 19:15:17 INFO  Benchmark_Timer - Begin run: Partial Sort with 100 runs
2022-10-18 19:15:17 INFO  Benchmark_Timer - Begin run: Random Sort with 100 runs
2022-10-18 19:15:17 INFO  Benchmark_Timer - Begin run: Ordered Sort with 100 runs
2022-10-18 19:15:17 INFO  Benchmark_Timer - Begin run: Reverse Sort with 100 runs
2022-10-18 19:15:17 INFO  Benchmark_Timer - Begin run: Partial Sort with 100 runs
2022-10-18 19:15:17 INFO  Benchmark_Timer - Begin run: Random Sort with 100 runs
2022-10-18 19:15:17 INFO  Benchmark_Timer - Begin run: Ordered Sort with 100 runs
2022-10-18 19:15:17 INFO  Benchmark_Timer - Begin run: Reverse Sort with 100 runs
2022-10-18 19:15:17 INFO  Benchmark_Timer - Begin run: Partial Sort with 100 runs
2022-10-18 19:15:18 INFO  Benchmark_Timer - Begin run: Random Sort with 100 runs
2022-10-18 19:15:18 INFO  Benchmark_Timer - Begin run: Ordered Sort with 100 runs
2022-10-18 19:15:18 INFO  Benchmark_Timer - Begin run: Reverse Sort with 100 runs
2022-10-18 19:15:18 INFO  Benchmark_Timer - Begin run: Partial Sort with 100 runs
2022-10-18 19:15:19 INFO  Benchmark_Timer - Begin run: Random Sort with 100 runs
2022-10-18 19:15:19 INFO  Benchmark_Timer - Begin run: Ordered Sort with 100 runs
2022-10-18 19:15:19 INFO  Benchmark_Timer - Begin run: Reverse Sort with 100 runs
2022-10-18 19:15:19 INFO  Benchmark_Timer - Begin run: Partial Sort with 100 runs
2022-10-18 19:15:20 INFO  Benchmark_Timer - Begin run: Random Sort with 100 runs
2022-10-18 19:15:20 INFO  Benchmark_Timer - Begin run: Ordered Sort with 100 runs
2022-10-18 19:15:20 INFO  Benchmark_Timer - Begin run: Reverse Sort with 100 runs
2022-10-18 19:15:20 INFO  Benchmark_Timer - Begin run: Partial Sort with 100 runs
2022-10-18 19:16:19 INFO  Benchmark_Timer - Begin run: Random Sort with 100 runs
2022-10-18 19:16:19 INFO  Benchmark_Timer - Begin run: Ordered Sort with 100 runs
2022-10-18 19:16:19 INFO  Benchmark_Timer - Begin run: Reverse Sort with 100 runs
2022-10-18 19:16:19 INFO  Benchmark_Timer - Begin run: Partial Sort with 100 runs
2022-10-18 19:16:19 INFO  Benchmark_Timer - Begin run: Random Sort with 100 runs
2022-10-18 19:16:19 INFO  Benchmark_Timer - Begin run: Ordered Sort with 100 runs
2022-10-18 19:16:19 INFO  Benchmark_Timer - Begin run: Reverse Sort with 100 runs
2022-10-18 19:16:19 INFO  Benchmark_Timer - Begin run: Partial Sort with 100 runs
2022-10-18 19:16:19 INFO  Benchmark_Timer - Begin run: Random Sort with 100 runs
2022-10-18 19:16:19 INFO  Benchmark_Timer - Begin run: Ordered Sort with 100 runs
2022-10-18 19:16:19 INFO  Benchmark_Timer - Begin run: Reverse Sort with 100 runs
2022-10-18 19:16:19 INFO  Benchmark_Timer - Begin run: Partial Sort with 100 runs
2022-10-18 19:16:19 INFO  Benchmark_Timer - Begin run: Random Sort with 100 runs
2022-10-18 19:16:19 INFO  Benchmark_Timer - Begin run: Ordered Sort with 100 runs
2022-10-18 19:16:19 INFO  Benchmark_Timer - Begin run: Reverse Sort with 100 runs
2022-10-18 19:16:19 INFO  Benchmark_Timer - Begin run: Partial Sort with 100 runs
2022-10-18 19:16:19 INFO  Benchmark_Timer - Begin run: Random Sort with 100 runs
2022-10-18 19:16:19 INFO  Benchmark_Timer - Begin run: Ordered Sort with 100 runs
2022-10-18 19:16:19 INFO  Benchmark_Timer - Begin run: Reverse Sort with 100 runs
2022-10-18 19:16:19 INFO  Benchmark_Timer - Begin run: Partial Sort with 100 runs
2022-10-18 19:16:20 INFO  Benchmark_Timer - Begin run: Random Sort with 100 runs
2022-10-18 19:16:20 INFO  Benchmark_Timer - Begin run: Ordered Sort with 100 runs
2022-10-18 19:16:20 INFO  Benchmark_Timer - Begin run: Reverse Sort with 100 runs
2022-10-18 19:16:20 INFO  Benchmark_Timer - Begin run: Partial Sort with 100 runs
2022-10-18 19:16:20 INFO  Benchmark_Timer - Begin run: Random Sort with 100 runs
2022-10-18 19:16:20 INFO  Benchmark_Timer - Begin run: Ordered Sort with 100 runs
2022-10-18 19:16:20 INFO  Benchmark_Timer - Begin run: Reverse Sort with 100 runs
2022-10-18 19:16:20 INFO  Benchmark_Timer - Begin run: Partial Sort with 100 runs
2022-10-18 19:16:21 INFO  Benchmark_Timer - Begin run: Random Sort with 100 runs
2022-10-18 19:16:21 INFO  Benchmark_Timer - Begin run: Ordered Sort with 100 runs
2022-10-18 19:16:21 INFO  Benchmark_Timer - Begin run: Reverse Sort with 100 runs
2022-10-18 19:16:21 INFO  Benchmark_Timer - Begin run: Partial Sort with 100 runs
2022-10-18 19:17:18 INFO  Benchmark_Timer - Begin run: Random Sort with 100 runs
2022-10-18 19:17:18 INFO  Benchmark_Timer - Begin run: Ordered Sort with 100 runs
2022-10-18 19:17:18 INFO  Benchmark_Timer - Begin run: Reverse Sort with 100 runs
2022-10-18 19:17:18 INFO  Benchmark_Timer - Begin run: Partial Sort with 100 runs
2022-10-18 19:17:18 INFO  Benchmark_Timer - Begin run: Random Sort with 100 runs
2022-10-18 19:17:18 INFO  Benchmark_Timer - Begin run: Ordered Sort with 100 runs
2022-10-18 19:17:18 INFO  Benchmark_Timer - Begin run: Reverse Sort with 100 runs
2022-10-18 19:17:18 INFO  Benchmark_Timer - Begin run: Partial Sort with 100 runs
2022-10-18 19:17:18 INFO  Benchmark_Timer - Begin run: Random Sort with 100 runs
2022-10-18 19:17:18 INFO  Benchmark_Timer - Begin run: Ordered Sort with 100 runs
2022-10-18 19:17:18 INFO  Benchmark_Timer - Begin run: Reverse Sort with 100 runs
2022-10-18 19:17:18 INFO  Benchmark_Timer - Begin run: Partial Sort with 100 runs
2022-10-18 19:17:18 INFO  Benchmark_Timer - Begin run: Random Sort with 100 runs
2022-10-18 19:17:18 INFO  Benchmark_Timer - Begin run: Ordered Sort with 100 runs
2022-10-18 19:17:18 INFO  Benchmark_Timer - Begin run: Reverse Sort with 100 runs
2022-10-18 19:17:18 INFO  Benchmark_Timer - Begin run: Partial Sort with 100 runs
2022-10-18 19:17:18 INFO  Benchmark_Timer - Begin run: Random Sort with 100 runs
2022-10-18 19:17:18 INFO  Benchmark_Timer - Begin run: Ordered Sort with 100 runs
2022-10-18 19:17:18 INFO  Benchmark_Timer - Begin run: Reverse Sort with 100 runs
2022-10-18 19:17:18 INFO  Benchmark_Timer - Begin run: Partial Sort with 100 runs
2022-10-18 19:17:19 INFO  Benchmark_Timer - Begin run: Random Sort with 100 runs
2022-10-18 19:17:19 INFO  Benchmark_Timer - Begin run: Ordered Sort with 100 runs
2022-10-18 19:17:19 INFO  Benchmark_Timer - Begin run: Reverse Sort with 100 runs
2022-10-18 19:17:19 INFO  Benchmark_Timer - Begin run: Partial Sort with 100 runs
2022-10-18 19:17:19 INFO  Benchmark_Timer - Begin run: Random Sort with 100 runs
2022-10-18 19:17:19 INFO  Benchmark_Timer - Begin run: Ordered Sort with 100 runs
2022-10-18 19:17:19 INFO  Benchmark_Timer - Begin run: Reverse Sort with 100 runs
2022-10-18 19:17:19 INFO  Benchmark_Timer - Begin run: Partial Sort with 100 runs
2022-10-18 19:17:21 INFO  Benchmark_Timer - Begin run: Random Sort with 100 runs
2022-10-18 19:17:21 INFO  Benchmark_Timer - Begin run: Ordered Sort with 100 runs
2022-10-18 19:17:21 INFO  Benchmark_Timer - Begin run: Reverse Sort with 100 runs
2022-10-18 19:17:21 INFO  Benchmark_Timer - Begin run: Partial Sort with 100 runs
2022-10-18 19:17:44 INFO  Benchmark_Timer - Begin run: Random Sort with 100 runs
2022-10-18 19:17:44 INFO  Benchmark_Timer - Begin run: Ordered Sort with 100 runs
2022-10-18 19:17:44 INFO  Benchmark_Timer - Begin run: Reverse Sort with 100 runs
2022-10-18 19:17:44 INFO  Benchmark_Timer - Begin run: Partial Sort with 100 runs
2022-10-18 19:17:44 INFO  Benchmark_Timer - Begin run: Random Sort with 100 runs
2022-10-18 19:17:44 INFO  Benchmark_Timer - Begin run: Ordered Sort with 100 runs
2022-10-18 19:17:44 INFO  Benchmark_Timer - Begin run: Reverse Sort with 100 runs
2022-10-18 19:17:44 INFO  Benchmark_Timer - Begin run: Partial Sort with 100 runs
2022-10-18 19:17:44 INFO  Benchmark_Timer - Begin run: Random Sort with 100 runs
2022-10-18 19:17:44 INFO  Benchmark_Timer - Begin run: Ordered Sort with 100 runs
2022-10-18 19:17:44 INFO  Benchmark_Timer - Begin run: Reverse Sort with 100 runs
2022-10-18 19:17:44 INFO  Benchmark_Timer - Begin run: Partial Sort with 100 runs
2022-10-18 19:17:45 INFO  Benchmark_Timer - Begin run: Random Sort with 100 runs
2022-10-18 19:17:45 INFO  Benchmark_Timer - Begin run: Ordered Sort with 100 runs
2022-10-18 19:17:45 INFO  Benchmark_Timer - Begin run: Reverse Sort with 100 runs
2022-10-18 19:17:45 INFO  Benchmark_Timer - Begin run: Partial Sort with 100 runs
2022-10-18 19:17:45 INFO  Benchmark_Timer - Begin run: Random Sort with 100 runs
2022-10-18 19:17:45 INFO  Benchmark_Timer - Begin run: Ordered Sort with 100 runs
2022-10-18 19:17:45 INFO  Benchmark_Timer - Begin run: Reverse Sort with 100 runs
2022-10-18 19:17:45 INFO  Benchmark_Timer - Begin run: Partial Sort with 100 runs
2022-10-18 19:17:45 INFO  Benchmark_Timer - Begin run: Random Sort with 100 runs
2022-10-18 19:17:45 INFO  Benchmark_Timer - Begin run: Ordered Sort with 100 runs
2022-10-18 19:17:45 INFO  Benchmark_Timer - Begin run: Reverse Sort with 100 runs
2022-10-18 19:17:45 INFO  Benchmark_Timer - Begin run: Partial Sort with 100 runs
2022-10-18 19:17:46 INFO  Benchmark_Timer - Begin run: Random Sort with 100 runs
2022-10-18 19:17:46 INFO  Benchmark_Timer - Begin run: Ordered Sort with 100 runs
2022-10-18 19:17:46 INFO  Benchmark_Timer - Begin run: Reverse Sort with 100 runs
2022-10-18 19:17:46 INFO  Benchmark_Timer - Begin run: Partial Sort with 100 runs
2022-10-18 19:17:47 INFO  Benchmark_Timer - Begin run: Random Sort with 100 runs
2022-10-18 19:17:47 INFO  Benchmark_Timer - Begin run: Ordered Sort with 100 runs
2022-10-18 19:17:47 INFO  Benchmark_Timer - Begin run: Reverse Sort with 100 runs
2022-10-18 19:17:47 INFO  Benchmark_Timer - Begin run: Partial Sort with 100 runs
2022-10-18 19:18:34 INFO  Benchmark_Timer - Begin run:Random Sort with 10 runs
2022-10-18 19:18:34 INFO  Benchmark_Timer - Begin run:Ordered Sort with 10 runs
2022-10-18 19:18:34 INFO  Benchmark_Timer - Begin run:Reverse Sort with 10 runs
2022-10-18 19:18:34 INFO  Benchmark_Timer - Begin run:Partial Sort with 10 runs
2022-10-18 19:18:34 INFO  Benchmark_Timer - Begin run:Random Sort with 10 runs
2022-10-18 19:18:34 INFO  Benchmark_Timer - Begin run:Ordered Sort with 10 runs
2022-10-18 19:18:34 INFO  Benchmark_Timer - Begin run:Reverse Sort with 10 runs
2022-10-18 19:18:34 INFO  Benchmark_Timer - Begin run:Partial Sort with 10 runs
2022-10-18 19:18:34 INFO  Benchmark_Timer - Begin run:Random Sort with 10 runs
2022-10-18 19:18:34 INFO  Benchmark_Timer - Begin run:Ordered Sort with 10 runs
2022-10-18 19:18:34 INFO  Benchmark_Timer - Begin run:Reverse Sort with 10 runs
2022-10-18 19:18:34 INFO  Benchmark_Timer - Begin run:Partial Sort with 10 runs
2022-10-18 19:18:34 INFO  Benchmark_Timer - Begin run:Random Sort with 10 runs
2022-10-18 19:18:34 INFO  Benchmark_Timer - Begin run:Ordered Sort with 10 runs
2022-10-18 19:18:34 INFO  Benchmark_Timer - Begin run:Reverse Sort with 10 runs
2022-10-18 19:18:34 INFO  Benchmark_Timer - Begin run:Partial Sort with 10 runs
2022-10-18 19:18:34 INFO  Benchmark_Timer - Begin run:Random Sort with 10 runs
2022-10-18 19:18:34 INFO  Benchmark_Timer - Begin run:Ordered Sort with 10 runs
2022-10-18 19:18:34 INFO  Benchmark_Timer - Begin run:Reverse Sort with 10 runs
2022-10-18 19:18:34 INFO  Benchmark_Timer - Begin run:Partial Sort with 10 runs
2022-10-18 19:18:34 INFO  Benchmark_Timer - Begin run:Random Sort with 10 runs
2022-10-18 19:18:34 INFO  Benchmark_Timer - Begin run:Ordered Sort with 10 runs
2022-10-18 19:18:34 INFO  Benchmark_Timer - Begin run:Reverse Sort with 10 runs
2022-10-18 19:18:34 INFO  Benchmark_Timer - Begin run:Partial Sort with 10 runs
2022-10-18 19:18:34 INFO  Benchmark_Timer - Begin run:Random Sort with 10 runs
2022-10-18 19:18:34 INFO  Benchmark_Timer - Begin run:Ordered Sort with 10 runs
2022-10-18 19:18:34 INFO  Benchmark_Timer - Begin run:Reverse Sort with 10 runs
2022-10-18 19:18:34 INFO  Benchmark_Timer - Begin run:Partial Sort with 10 runs
2022-10-18 19:18:34 INFO  Benchmark_Timer - Begin run:Random Sort with 10 runs
2022-10-18 19:18:34 INFO  Benchmark_Timer - Begin run:Ordered Sort with 10 runs
2022-10-18 19:18:34 INFO  Benchmark_Timer - Begin run:Reverse Sort with 10 runs
2022-10-18 19:18:34 INFO  Benchmark_Timer - Begin run:Partial Sort with 10 runs
2022-10-18 19:18:34 INFO  Benchmark_Timer - Begin run:Random Sort with 10 runs
2022-10-18 19:18:34 INFO  Benchmark_Timer - Begin run:Ordered Sort with 10 runs
2022-10-18 19:18:34 INFO  Benchmark_Timer - Begin run:Reverse Sort with 10 runs
2022-10-18 19:18:34 INFO  Benchmark_Timer - Begin run:Partial Sort with 10 runs
2022-10-18 19:20:30 INFO  Benchmark_Timer - Begin run: Random Sort with 10 runs
2022-10-18 19:20:30 INFO  Benchmark_Timer - Begin run: Ordered Sort with 10 runs
2022-10-18 19:20:30 INFO  Benchmark_Timer - Begin run: Partial Sort with 10 runs
2022-10-18 19:20:30 INFO  Benchmark_Timer - Begin run: Reverse Sort with 10 runs
2022-10-18 19:20:30 INFO  Benchmark_Timer - Begin run: Random Sort with 10 runs
2022-10-18 19:20:30 INFO  Benchmark_Timer - Begin run: Ordered Sort with 10 runs
2022-10-18 19:20:30 INFO  Benchmark_Timer - Begin run: Partial Sort with 10 runs
2022-10-18 19:20:30 INFO  Benchmark_Timer - Begin run: Reverse Sort with 10 runs
2022-10-18 19:20:30 INFO  Benchmark_Timer - Begin run: Random Sort with 10 runs
2022-10-18 19:20:30 INFO  Benchmark_Timer - Begin run: Ordered Sort with 10 runs
2022-10-18 19:20:30 INFO  Benchmark_Timer - Begin run: Partial Sort with 10 runs
2022-10-18 19:20:30 INFO  Benchmark_Timer - Begin run: Reverse Sort with 10 runs
2022-10-18 19:20:30 INFO  Benchmark_Timer - Begin run: Random Sort with 10 runs
2022-10-18 19:20:30 INFO  Benchmark_Timer - Begin run: Ordered Sort with 10 runs
2022-10-18 19:20:30 INFO  Benchmark_Timer - Begin run: Partial Sort with 10 runs
2022-10-18 19:20:30 INFO  Benchmark_Timer - Begin run: Reverse Sort with 10 runs
2022-10-18 19:20:30 INFO  Benchmark_Timer - Begin run: Random Sort with 10 runs
2022-10-18 19:20:30 INFO  Benchmark_Timer - Begin run: Ordered Sort with 10 runs
2022-10-18 19:20:30 INFO  Benchmark_Timer - Begin run: Partial Sort with 10 runs
2022-10-18 19:20:30 INFO  Benchmark_Timer - Begin run: Reverse Sort with 10 runs
2022-10-18 19:20:30 INFO  Benchmark_Timer - Begin run: Random Sort with 10 runs
2022-10-18 19:20:30 INFO  Benchmark_Timer - Begin run: Ordered Sort with 10 runs
2022-10-18 19:20:30 INFO  Benchmark_Timer - Begin run: Partial Sort with 10 runs
2022-10-18 19:20:30 INFO  Benchmark_Timer - Begin run: Reverse Sort with 10 runs
2022-10-18 19:20:30 INFO  Benchmark_Timer - Begin run: Random Sort with 10 runs
2022-10-18 19:20:30 INFO  Benchmark_Timer - Begin run: Ordered Sort with 10 runs
2022-10-18 19:20:30 INFO  Benchmark_Timer - Begin run: Partial Sort with 10 runs
2022-10-18 19:20:30 INFO  Benchmark_Timer - Begin run: Reverse Sort with 10 runs
2022-10-18 19:20:30 INFO  Benchmark_Timer - Begin run: Random Sort with 10 runs
2022-10-18 19:20:30 INFO  Benchmark_Timer - Begin run: Ordered Sort with 10 runs
2022-10-18 19:20:30 INFO  Benchmark_Timer - Begin run: Partial Sort with 10 runs
2022-10-18 19:20:30 INFO  Benchmark_Timer - Begin run: Reverse Sort with 10 runs
2022-10-18 19:20:30 INFO  Benchmark_Timer - Begin run: Random Sort with 10 runs
2022-10-18 19:20:30 INFO  Benchmark_Timer - Begin run: Ordered Sort with 10 runs
2022-10-18 19:20:30 INFO  Benchmark_Timer - Begin run: Partial Sort with 10 runs
2022-10-18 19:20:30 INFO  Benchmark_Timer - Begin run: Reverse Sort with 10 runs
2022-10-18 19:22:00 INFO  Benchmark_Timer - Begin run: Random Sort with 100 runs
2022-10-18 19:22:00 INFO  Benchmark_Timer - Begin run: Ordered Sort with 100 runs
2022-10-18 19:22:00 INFO  Benchmark_Timer - Begin run: Reverse Sort with 100 runs
2022-10-18 19:22:00 INFO  Benchmark_Timer - Begin run: Partial Sort with 100 runs
2022-10-18 19:22:00 INFO  Benchmark_Timer - Begin run: Random Sort with 100 runs
2022-10-18 19:22:00 INFO  Benchmark_Timer - Begin run: Ordered Sort with 100 runs
2022-10-18 19:22:00 INFO  Benchmark_Timer - Begin run: Reverse Sort with 100 runs
2022-10-18 19:22:00 INFO  Benchmark_Timer - Begin run: Partial Sort with 100 runs
2022-10-18 19:22:00 INFO  Benchmark_Timer - Begin run: Random Sort with 100 runs
2022-10-18 19:22:00 INFO  Benchmark_Timer - Begin run: Ordered Sort with 100 runs
2022-10-18 19:22:00 INFO  Benchmark_Timer - Begin run: Reverse Sort with 100 runs
2022-10-18 19:22:00 INFO  Benchmark_Timer - Begin run: Partial Sort with 100 runs
2022-10-18 19:22:00 INFO  Benchmark_Timer - Begin run: Random Sort with 100 runs
2022-10-18 19:22:00 INFO  Benchmark_Timer - Begin run: Ordered Sort with 100 runs
2022-10-18 19:22:00 INFO  Benchmark_Timer - Begin run: Reverse Sort with 100 runs
2022-10-18 19:22:00 INFO  Benchmark_Timer - Begin run: Partial Sort with 100 runs
2022-10-18 19:22:00 INFO  Benchmark_Timer - Begin run: Random Sort with 100 runs
2022-10-18 19:22:00 INFO  Benchmark_Timer - Begin run: Ordered Sort with 100 runs
2022-10-18 19:22:00 INFO  Benchmark_Timer - Begin run: Reverse Sort with 100 runs
2022-10-18 19:22:00 INFO  Benchmark_Timer - Begin run: Partial Sort with 100 runs
2022-10-18 19:22:01 INFO  Benchmark_Timer - Begin run: Random Sort with 100 runs
2022-10-18 19:22:01 INFO  Benchmark_Timer - Begin run: Ordered Sort with 100 runs
2022-10-18 19:22:01 INFO  Benchmark_Timer - Begin run: Reverse Sort with 100 runs
2022-10-18 19:22:01 INFO  Benchmark_Timer - Begin run: Partial Sort with 100 runs
2022-10-18 19:22:01 INFO  Benchmark_Timer - Begin run: Random Sort with 100 runs
2022-10-18 19:22:01 INFO  Benchmark_Timer - Begin run: Ordered Sort with 100 runs
2022-10-18 19:22:01 INFO  Benchmark_Timer - Begin run: Reverse Sort with 100 runs
2022-10-18 19:22:01 INFO  Benchmark_Timer - Begin run: Partial Sort with 100 runs
2022-10-18 19:22:02 INFO  Benchmark_Timer - Begin run: Random Sort with 100 runs
2022-10-18 19:22:02 INFO  Benchmark_Timer - Begin run: Ordered Sort with 100 runs
2022-10-18 19:22:02 INFO  Benchmark_Timer - Begin run: Reverse Sort with 100 runs
2022-10-18 19:22:02 INFO  Benchmark_Timer - Begin run: Partial Sort with 100 runs
2022-10-18 19:22:18 DEBUG Config - Config.get(helper, instrument) = true
2022-10-18 19:22:18 DEBUG Config - Config.get(helper, seed) = 0
2022-10-18 19:22:18 DEBUG Config - Config.get(instrumenting, copies) = true
2022-10-18 19:22:18 DEBUG Config - Config.get(instrumenting, swaps) = true
2022-10-18 19:22:18 DEBUG Config - Config.get(instrumenting, compares) = true
2022-10-18 19:22:18 DEBUG Config - Config.get(instrumenting, inversions) = 1
2022-10-18 19:22:18 DEBUG Config - Config.get(instrumenting, fixes) = true
2022-10-18 19:22:18 DEBUG Config - Config.get(instrumenting, hits) = true
2022-10-18 19:22:18 DEBUG Config - Config.get(helper, cutoff) = 
2022-10-18 19:22:40 INFO  Benchmark_Timer - Begin run: Random Sort with 10 runs
2022-10-18 19:22:40 INFO  Benchmark_Timer - Begin run: Ordered Sort with 10 runs
2022-10-18 19:22:40 INFO  Benchmark_Timer - Begin run: Partial Sort with 10 runs
2022-10-18 19:22:40 INFO  Benchmark_Timer - Begin run: Reverse Sort with 10 runs
2022-10-18 19:22:40 INFO  Benchmark_Timer - Begin run: Random Sort with 10 runs
2022-10-18 19:22:40 INFO  Benchmark_Timer - Begin run: Ordered Sort with 10 runs
2022-10-18 19:22:40 INFO  Benchmark_Timer - Begin run: Partial Sort with 10 runs
2022-10-18 19:22:40 INFO  Benchmark_Timer - Begin run: Reverse Sort with 10 runs
2022-10-18 19:22:40 INFO  Benchmark_Timer - Begin run: Random Sort with 10 runs
2022-10-18 19:22:40 INFO  Benchmark_Timer - Begin run: Ordered Sort with 10 runs
2022-10-18 19:22:40 INFO  Benchmark_Timer - Begin run: Partial Sort with 10 runs
2022-10-18 19:22:40 INFO  Benchmark_Timer - Begin run: Reverse Sort with 10 runs
2022-10-18 19:22:40 INFO  Benchmark_Timer - Begin run: Random Sort with 10 runs
2022-10-18 19:22:40 INFO  Benchmark_Timer - Begin run: Ordered Sort with 10 runs
2022-10-18 19:22:40 INFO  Benchmark_Timer - Begin run: Partial Sort with 10 runs
2022-10-18 19:22:40 INFO  Benchmark_Timer - Begin run: Reverse Sort with 10 runs
2022-10-18 19:22:40 INFO  Benchmark_Timer - Begin run: Random Sort with 10 runs
2022-10-18 19:22:40 INFO  Benchmark_Timer - Begin run: Ordered Sort with 10 runs
2022-10-18 19:22:40 INFO  Benchmark_Timer - Begin run: Partial Sort with 10 runs
2022-10-18 19:22:40 INFO  Benchmark_Timer - Begin run: Reverse Sort with 10 runs
2022-10-18 19:22:40 INFO  Benchmark_Timer - Begin run: Random Sort with 10 runs
2022-10-18 19:22:40 INFO  Benchmark_Timer - Begin run: Ordered Sort with 10 runs
2022-10-18 19:22:40 INFO  Benchmark_Timer - Begin run: Partial Sort with 10 runs
2022-10-18 19:22:40 INFO  Benchmark_Timer - Begin run: Reverse Sort with 10 runs
2022-10-18 19:22:40 INFO  Benchmark_Timer - Begin run: Random Sort with 10 runs
2022-10-18 19:22:40 INFO  Benchmark_Timer - Begin run: Ordered Sort with 10 runs
2022-10-18 19:22:40 INFO  Benchmark_Timer - Begin run: Partial Sort with 10 runs
2022-10-18 19:22:40 INFO  Benchmark_Timer - Begin run: Reverse Sort with 10 runs
2022-10-18 19:22:40 INFO  Benchmark_Timer - Begin run: Random Sort with 10 runs
2022-10-18 19:22:40 INFO  Benchmark_Timer - Begin run: Ordered Sort with 10 runs
2022-10-18 19:22:40 INFO  Benchmark_Timer - Begin run: Partial Sort with 10 runs
2022-10-18 19:22:40 INFO  Benchmark_Timer - Begin run: Reverse Sort with 10 runs
2022-10-18 19:22:40 INFO  Benchmark_Timer - Begin run: Random Sort with 10 runs
2022-10-18 19:22:40 INFO  Benchmark_Timer - Begin run: Ordered Sort with 10 runs
2022-10-18 19:22:40 INFO  Benchmark_Timer - Begin run: Partial Sort with 10 runs
2022-10-18 19:22:40 INFO  Benchmark_Timer - Begin run: Reverse Sort with 10 runs
2022-10-18 19:52:14 INFO  Benchmark_Timer - Begin run: Random Sort with 100 runs
2022-10-18 19:52:14 INFO  Benchmark_Timer - Begin run: Ordered Sort with 100 runs
2022-10-18 19:52:14 INFO  Benchmark_Timer - Begin run: Reverse Sort with 100 runs
2022-10-18 19:52:14 INFO  Benchmark_Timer - Begin run: Partial Sort with 100 runs
2022-10-18 19:52:14 INFO  Benchmark_Timer - Begin run: Random Sort with 100 runs
2022-10-18 19:52:14 INFO  Benchmark_Timer - Begin run: Ordered Sort with 100 runs
2022-10-18 19:52:14 INFO  Benchmark_Timer - Begin run: Reverse Sort with 100 runs
2022-10-18 19:52:14 INFO  Benchmark_Timer - Begin run: Partial Sort with 100 runs
2022-10-18 19:52:14 INFO  Benchmark_Timer - Begin run: Random Sort with 100 runs
2022-10-18 19:52:14 INFO  Benchmark_Timer - Begin run: Ordered Sort with 100 runs
2022-10-18 19:52:14 INFO  Benchmark_Timer - Begin run: Reverse Sort with 100 runs
2022-10-18 19:52:14 INFO  Benchmark_Timer - Begin run: Partial Sort with 100 runs
2022-10-18 19:52:14 INFO  Benchmark_Timer - Begin run: Random Sort with 100 runs
2022-10-18 19:52:14 INFO  Benchmark_Timer - Begin run: Ordered Sort with 100 runs
2022-10-18 19:52:14 INFO  Benchmark_Timer - Begin run: Reverse Sort with 100 runs
2022-10-18 19:52:14 INFO  Benchmark_Timer - Begin run: Partial Sort with 100 runs
2022-10-18 19:52:14 INFO  Benchmark_Timer - Begin run: Random Sort with 100 runs
2022-10-18 19:52:14 INFO  Benchmark_Timer - Begin run: Ordered Sort with 100 runs
2022-10-18 19:52:14 INFO  Benchmark_Timer - Begin run: Reverse Sort with 100 runs
2022-10-18 19:52:14 INFO  Benchmark_Timer - Begin run: Partial Sort with 100 runs
2022-10-18 19:52:14 INFO  Benchmark_Timer - Begin run: Random Sort with 100 runs
2022-10-18 19:52:14 INFO  Benchmark_Timer - Begin run: Ordered Sort with 100 runs
2022-10-18 19:52:14 INFO  Benchmark_Timer - Begin run: Reverse Sort with 100 runs
2022-10-18 19:52:14 INFO  Benchmark_Timer - Begin run: Partial Sort with 100 runs
2022-10-18 19:52:14 INFO  Benchmark_Timer - Begin run: Random Sort with 100 runs
2022-10-18 19:52:14 INFO  Benchmark_Timer - Begin run: Ordered Sort with 100 runs
2022-10-18 19:52:14 INFO  Benchmark_Timer - Begin run: Reverse Sort with 100 runs
2022-10-18 19:52:14 INFO  Benchmark_Timer - Begin run: Partial Sort with 100 runs
2022-10-18 19:52:14 INFO  Benchmark_Timer - Begin run: Random Sort with 100 runs
2022-10-18 19:52:14 INFO  Benchmark_Timer - Begin run: Ordered Sort with 100 runs
2022-10-18 19:52:14 INFO  Benchmark_Timer - Begin run: Reverse Sort with 100 runs
2022-10-18 19:52:14 INFO  Benchmark_Timer - Begin run: Partial Sort with 100 runs
2022-10-18 19:53:08 INFO  Benchmark_Timer - Begin run: Random Sort with 100 runs
2022-10-18 19:53:08 INFO  Benchmark_Timer - Begin run: Ordered Sort with 100 runs
2022-10-18 19:53:08 INFO  Benchmark_Timer - Begin run: Reverse Sort with 100 runs
2022-10-18 19:53:08 INFO  Benchmark_Timer - Begin run: Partial Sort with 100 runs
2022-10-18 19:53:08 INFO  Benchmark_Timer - Begin run: Random Sort with 100 runs
2022-10-18 19:53:08 INFO  Benchmark_Timer - Begin run: Ordered Sort with 100 runs
2022-10-18 19:53:08 INFO  Benchmark_Timer - Begin run: Reverse Sort with 100 runs
2022-10-18 19:53:08 INFO  Benchmark_Timer - Begin run: Partial Sort with 100 runs
2022-10-18 19:53:08 INFO  Benchmark_Timer - Begin run: Random Sort with 100 runs
2022-10-18 19:53:08 INFO  Benchmark_Timer - Begin run: Ordered Sort with 100 runs
2022-10-18 19:53:08 INFO  Benchmark_Timer - Begin run: Reverse Sort with 100 runs
2022-10-18 19:53:08 INFO  Benchmark_Timer - Begin run: Partial Sort with 100 runs
2022-10-18 19:53:08 INFO  Benchmark_Timer - Begin run: Random Sort with 100 runs
2022-10-18 19:53:08 INFO  Benchmark_Timer - Begin run: Ordered Sort with 100 runs
2022-10-18 19:53:08 INFO  Benchmark_Timer - Begin run: Reverse Sort with 100 runs
2022-10-18 19:53:08 INFO  Benchmark_Timer - Begin run: Partial Sort with 100 runs
2022-10-18 19:53:08 INFO  Benchmark_Timer - Begin run: Random Sort with 100 runs
2022-10-18 19:53:08 INFO  Benchmark_Timer - Begin run: Ordered Sort with 100 runs
2022-10-18 19:53:08 INFO  Benchmark_Timer - Begin run: Reverse Sort with 100 runs
2022-10-18 19:53:08 INFO  Benchmark_Timer - Begin run: Partial Sort with 100 runs
2022-10-18 19:53:08 INFO  Benchmark_Timer - Begin run: Random Sort with 100 runs
2022-10-18 19:53:08 INFO  Benchmark_Timer - Begin run: Ordered Sort with 100 runs
2022-10-18 19:53:08 INFO  Benchmark_Timer - Begin run: Reverse Sort with 100 runs
2022-10-18 19:53:08 INFO  Benchmark_Timer - Begin run: Partial Sort with 100 runs
2022-10-18 19:53:08 INFO  Benchmark_Timer - Begin run: Random Sort with 100 runs
2022-10-18 19:53:08 INFO  Benchmark_Timer - Begin run: Ordered Sort with 100 runs
2022-10-18 19:53:08 INFO  Benchmark_Timer - Begin run: Reverse Sort with 100 runs
2022-10-18 19:53:08 INFO  Benchmark_Timer - Begin run: Partial Sort with 100 runs
2022-10-18 19:53:08 INFO  Benchmark_Timer - Begin run: Random Sort with 100 runs
2022-10-18 19:53:08 INFO  Benchmark_Timer - Begin run: Ordered Sort with 100 runs
2022-10-18 19:53:08 INFO  Benchmark_Timer - Begin run: Reverse Sort with 100 runs
2022-10-18 19:53:08 INFO  Benchmark_Timer - Begin run: Partial Sort with 100 runs
2022-10-18 19:53:24 INFO  Benchmark_Timer - Begin run: Random Sort with 100 runs
2022-10-18 19:53:24 INFO  Benchmark_Timer - Begin run: Ordered Sort with 100 runs
2022-10-18 19:53:24 INFO  Benchmark_Timer - Begin run: Reverse Sort with 100 runs
2022-10-18 19:53:24 INFO  Benchmark_Timer - Begin run: Partial Sort with 100 runs
2022-10-18 19:53:24 INFO  Benchmark_Timer - Begin run: Random Sort with 100 runs
2022-10-18 19:53:24 INFO  Benchmark_Timer - Begin run: Ordered Sort with 100 runs
2022-10-18 19:53:24 INFO  Benchmark_Timer - Begin run: Reverse Sort with 100 runs
2022-10-18 19:53:24 INFO  Benchmark_Timer - Begin run: Partial Sort with 100 runs
2022-10-18 19:53:24 INFO  Benchmark_Timer - Begin run: Random Sort with 100 runs
2022-10-18 19:53:24 INFO  Benchmark_Timer - Begin run: Ordered Sort with 100 runs
2022-10-18 19:53:24 INFO  Benchmark_Timer - Begin run: Reverse Sort with 100 runs
2022-10-18 19:53:24 INFO  Benchmark_Timer - Begin run: Partial Sort with 100 runs
2022-10-18 19:53:24 INFO  Benchmark_Timer - Begin run: Random Sort with 100 runs
2022-10-18 19:53:24 INFO  Benchmark_Timer - Begin run: Ordered Sort with 100 runs
2022-10-18 19:53:24 INFO  Benchmark_Timer - Begin run: Reverse Sort with 100 runs
2022-10-18 19:53:24 INFO  Benchmark_Timer - Begin run: Partial Sort with 100 runs
2022-10-18 19:53:24 INFO  Benchmark_Timer - Begin run: Random Sort with 100 runs
2022-10-18 19:53:24 INFO  Benchmark_Timer - Begin run: Ordered Sort with 100 runs
2022-10-18 19:53:24 INFO  Benchmark_Timer - Begin run: Reverse Sort with 100 runs
2022-10-18 19:53:24 INFO  Benchmark_Timer - Begin run: Partial Sort with 100 runs
2022-10-18 19:53:24 INFO  Benchmark_Timer - Begin run: Random Sort with 100 runs
2022-10-18 19:53:24 INFO  Benchmark_Timer - Begin run: Ordered Sort with 100 runs
2022-10-18 19:53:24 INFO  Benchmark_Timer - Begin run: Reverse Sort with 100 runs
2022-10-18 19:53:24 INFO  Benchmark_Timer - Begin run: Partial Sort with 100 runs
2022-10-18 19:53:24 INFO  Benchmark_Timer - Begin run: Random Sort with 100 runs
2022-10-18 19:53:24 INFO  Benchmark_Timer - Begin run: Ordered Sort with 100 runs
2022-10-18 19:53:24 INFO  Benchmark_Timer - Begin run: Reverse Sort with 100 runs
2022-10-18 19:53:24 INFO  Benchmark_Timer - Begin run: Partial Sort with 100 runs
2022-10-18 19:53:24 INFO  Benchmark_Timer - Begin run: Random Sort with 100 runs
2022-10-18 19:53:24 INFO  Benchmark_Timer - Begin run: Ordered Sort with 100 runs
2022-10-18 19:53:24 INFO  Benchmark_Timer - Begin run: Reverse Sort with 100 runs
2022-10-18 19:53:24 INFO  Benchmark_Timer - Begin run: Partial Sort with 100 runs
2022-10-18 20:02:48 INFO  Benchmark_Timer - Begin run: Random Sort with 100 runs
2022-10-18 20:02:48 INFO  Benchmark_Timer - Begin run: Ordered Sort with 100 runs
2022-10-18 20:02:48 INFO  Benchmark_Timer - Begin run: Reverse Sort with 100 runs
2022-10-18 20:02:48 INFO  Benchmark_Timer - Begin run: Partial Sort with 100 runs
2022-10-18 20:02:48 INFO  Benchmark_Timer - Begin run: Random Sort with 100 runs
2022-10-18 20:02:48 INFO  Benchmark_Timer - Begin run: Ordered Sort with 100 runs
2022-10-18 20:02:48 INFO  Benchmark_Timer - Begin run: Reverse Sort with 100 runs
2022-10-18 20:02:48 INFO  Benchmark_Timer - Begin run: Partial Sort with 100 runs
2022-10-18 20:02:48 INFO  Benchmark_Timer - Begin run: Random Sort with 100 runs
2022-10-18 20:02:48 INFO  Benchmark_Timer - Begin run: Ordered Sort with 100 runs
2022-10-18 20:02:48 INFO  Benchmark_Timer - Begin run: Reverse Sort with 100 runs
2022-10-18 20:02:48 INFO  Benchmark_Timer - Begin run: Partial Sort with 100 runs
2022-10-18 20:02:48 INFO  Benchmark_Timer - Begin run: Random Sort with 100 runs
2022-10-18 20:02:48 INFO  Benchmark_Timer - Begin run: Ordered Sort with 100 runs
2022-10-18 20:02:48 INFO  Benchmark_Timer - Begin run: Reverse Sort with 100 runs
2022-10-18 20:02:48 INFO  Benchmark_Timer - Begin run: Partial Sort with 100 runs
2022-10-18 20:02:48 INFO  Benchmark_Timer - Begin run: Random Sort with 100 runs
2022-10-18 20:02:48 INFO  Benchmark_Timer - Begin run: Ordered Sort with 100 runs
2022-10-18 20:02:48 INFO  Benchmark_Timer - Begin run: Reverse Sort with 100 runs
2022-10-18 20:02:48 INFO  Benchmark_Timer - Begin run: Partial Sort with 100 runs
2022-10-18 20:02:48 INFO  Benchmark_Timer - Begin run: Random Sort with 100 runs
2022-10-18 20:02:48 INFO  Benchmark_Timer - Begin run: Ordered Sort with 100 runs
2022-10-18 20:02:48 INFO  Benchmark_Timer - Begin run: Reverse Sort with 100 runs
2022-10-18 20:02:48 INFO  Benchmark_Timer - Begin run: Partial Sort with 100 runs
2022-10-18 20:02:48 INFO  Benchmark_Timer - Begin run: Random Sort with 100 runs
2022-10-18 20:02:48 INFO  Benchmark_Timer - Begin run: Ordered Sort with 100 runs
2022-10-18 20:02:48 INFO  Benchmark_Timer - Begin run: Reverse Sort with 100 runs
2022-10-18 20:02:48 INFO  Benchmark_Timer - Begin run: Partial Sort with 100 runs
2022-10-18 20:02:48 INFO  Benchmark_Timer - Begin run: Random Sort with 100 runs
2022-10-18 20:02:48 INFO  Benchmark_Timer - Begin run: Ordered Sort with 100 runs
2022-10-18 20:02:48 INFO  Benchmark_Timer - Begin run: Reverse Sort with 100 runs
2022-10-18 20:02:48 INFO  Benchmark_Timer - Begin run: Partial Sort with 100 runs
2022-10-18 20:06:24 DEBUG Config - Config.get(helper, instrument) = true
2022-10-18 20:06:24 DEBUG Config - Config.get(helper, seed) = 0
2022-10-18 20:06:24 DEBUG Config - Config.get(instrumenting, copies) = true
2022-10-18 20:06:24 DEBUG Config - Config.get(instrumenting, swaps) = true
2022-10-18 20:06:24 DEBUG Config - Config.get(instrumenting, compares) = true
2022-10-18 20:06:24 DEBUG Config - Config.get(instrumenting, inversions) = 1
2022-10-18 20:06:24 DEBUG Config - Config.get(instrumenting, fixes) = true
2022-10-18 20:06:24 DEBUG Config - Config.get(instrumenting, hits) = true
2022-10-18 20:06:24 DEBUG Config - Config.get(helper, cutoff) = 
